<?xml version="1.0" encoding="UTF-8"?>
<!-- Generated by org.testng.reporters.JUnitXMLReporter -->
<testsuite ignored="1" hostname="Vrushal" failures="0" tests="2" name="Default test" time="0.101" errors="0" timestamp="2023-12-13T16:05:59 IST">
  <testcase classname="learn.WorkingWithJSON.ReadDataFromJSONFile" name="readdataFromTestNgDataProvider" time="0.013"/>
  <testcase classname="learn.WorkingWithJSON.ReadDataFromJSONFile" name="readdataFromTestNgDataProvider" time="0.001"/>
  <testcase classname="learn.WorkingWithJSON.ReadDataFromJSONFile" name="readJsonData" time="0.0">
    <ignored/>
  </testcase> <!-- readJsonData -->
</testsuite> <!-- Default test -->
