<?xml version="1.0" encoding="UTF-8"?>
<!-- Generated by org.testng.reporters.JUnitXMLReporter -->
<testsuite ignored="1" hostname="Vrushal" failures="0" tests="3" name="Default test" time="0.071" errors="0" timestamp="2023-11-27T22:20:28 IST">
  <testcase classname="learn.TestNG.DataProvidersExample" name="myTest" time="0.014"/>
  <testcase classname="learn.TestNG.DataProvidersExample" name="myTest" time="0.001"/>
  <testcase classname="learn.TestNG.DataProvidersExample" name="myTest" time="0.002"/>
  <testcase classname="learn.TestNG.DataProvidersExample" name="verifyDataProvider" time="0.0">
    <ignored/>
  </testcase> <!-- verifyDataProvider -->
</testsuite> <!-- Default test -->
