<?xml version="1.0" encoding="UTF-8"?>
<testng-results ignored="0" total="2" passed="2" failed="0" skipped="0">
  <reporter-output>
  </reporter-output>
  <suite started-at="2023-12-04T16:46:02 IST" name="Parent_Suite" finished-at="2023-12-04T16:46:03 IST" duration-ms="96">
    <groups>
    </groups>
    <test started-at="2023-12-04T16:46:02 IST" name="Itest_IInvokedMethid" finished-at="2023-12-04T16:46:03 IST" duration-ms="96">
      <class name="learn.TestNG.Listeners.IInvokedMethod_impl.TestNG">
        <test-method is-config="true" signature="bclass()[pri:0, instance:learn.TestNG.Listeners.IInvokedMethod_impl.TestNG@4c402120]" started-at="2023-12-04T16:46:02 IST" name="bclass" finished-at="2023-12-04T16:46:02 IST" duration-ms="16" status="PASS">
          <reporter-output>
          </reporter-output>
        </test-method> <!-- bclass -->
        <test-method signature="firstTest()[pri:0, instance:learn.TestNG.Listeners.IInvokedMethod_impl.TestNG@4c402120]" started-at="2023-12-04T16:46:02 IST" name="firstTest" finished-at="2023-12-04T16:46:03 IST" duration-ms="14" status="PASS">
          <reporter-output>
          </reporter-output>
        </test-method> <!-- firstTest -->
        <test-method signature="secondTest()[pri:0, instance:learn.TestNG.Listeners.IInvokedMethod_impl.TestNG@4c402120]" started-at="2023-12-04T16:46:03 IST" name="secondTest" finished-at="2023-12-04T16:46:03 IST" duration-ms="2" status="PASS">
          <reporter-output>
          </reporter-output>
        </test-method> <!-- secondTest -->
        <test-method is-config="true" signature="aclass()[pri:0, instance:learn.TestNG.Listeners.IInvokedMethod_impl.TestNG@4c402120]" started-at="2023-12-04T16:46:03 IST" name="aclass" finished-at="2023-12-04T16:46:03 IST" duration-ms="1" status="PASS">
          <reporter-output>
          </reporter-output>
        </test-method> <!-- aclass -->
      </class> <!-- learn.TestNG.Listeners.IInvokedMethod_impl.TestNG -->
    </test> <!-- Itest_IInvokedMethid -->
  </suite> <!-- Parent_Suite -->
</testng-results>
