<?xml version="1.0" encoding="UTF-8"?>
<testng-results ignored="0" total="1" passed="1" failed="0" skipped="0">
  <reporter-output>
  </reporter-output>
  <suite started-at="2023-12-18T21:18:14 IST" name="Default suite" finished-at="2023-12-18T21:18:21 IST" duration-ms="7691">
    <groups>
    </groups>
    <test started-at="2023-12-18T21:18:14 IST" name="Default test" finished-at="2023-12-18T21:18:21 IST" duration-ms="7691">
      <class name="learn.RestAssuredAPI.basics.RestAPI_Basic_PostRequest">
        <test-method is-config="true" signature="postRequest_Data()[pri:0, instance:learn.RestAssuredAPI.basics.RestAPI_Basic_PostRequest@1ff4931d]" started-at="2023-12-18T21:18:14 IST" name="postRequest_Data" finished-at="2023-12-18T21:18:15 IST" duration-ms="1312" status="PASS">
          <reporter-output>
          </reporter-output>
        </test-method> <!-- postRequest_Data -->
        <test-method signature="postRequest_CreateUsers()[pri:0, instance:learn.RestAssuredAPI.basics.RestAPI_Basic_PostRequest@1ff4931d]" started-at="2023-12-18T21:18:15 IST" name="postRequest_CreateUsers" finished-at="2023-12-18T21:18:21 IST" duration-ms="6295" status="PASS">
          <reporter-output>
          </reporter-output>
        </test-method> <!-- postRequest_CreateUsers -->
      </class> <!-- learn.RestAssuredAPI.basics.RestAPI_Basic_PostRequest -->
    </test> <!-- Default test -->
  </suite> <!-- Default suite -->
</testng-results>
